#
# There is insufficient memory for the Java Runtime Environment to continue.
# Native memory allocation (malloc) failed to allocate 495776 bytes for Chunk::new
# Possible reasons:
#   The system is out of physical RAM or swap space
#   The process is running with CompressedOops enabled, and the Java Heap may be blocking the growth of the native heap
# Possible solutions:
#   Reduce memory load on the system
#   Increase physical memory or swap space
#   Check if swap backing store is full
#   Decrease Java heap size (-Xmx/-Xms)
#   Decrease number of Java threads
#   Decrease Java thread stack sizes (-Xss)
#   Set larger code cache with -XX:ReservedCodeCacheSize=
#   JVM is running with Unscaled Compressed Oops mode in which the Java heap is
#     placed in the first 4GB address space. The Java Heap base address is the
#     maximum limit for the native heap growth. Please use -XX:HeapBaseMinAddress
#     to set the Java Heap base and to place the Java Heap above 4GB virtual address.
# This output file may be truncated or incomplete.
#
#  Out of Memory Error (arena.cpp:189), pid=21404, tid=30476
#
# JRE version: Java(TM) SE Runtime Environment (17.0.7+8) (build 17.0.7+8-LTS-224)
# Java VM: Java HotSpot(TM) 64-Bit Server VM (17.0.7+8-LTS-224, mixed mode, sharing, tiered, compressed oops, compressed class ptrs, g1 gc, windows-amd64)
# No core dump will be written. Minidumps are not enabled by default on client versions of Windows
#

---------------  S U M M A R Y ------------

Command Line: -Dfile.encoding=UTF-8 -XX:+ShowCodeDetailsInExceptionMessages com.socialmediaapp.socialmediaapp.SocialmediaappApplication

Host: Intel(R) Core(TM) i5-8250U CPU @ 1.60GHz, 8 cores, 7G,  Windows 10 , 64 bit Build 19041 (10.0.19041.2913)
Time: Wed Jun 14 21:09:41 2023 Malay Peninsula Standard Time elapsed time: 2342.734738 seconds (0d 0h 39m 2s)

---------------  T H R E A D  ---------------

Current thread (0x000001e45a158990):  JavaThread "C2 CompilerThread1" daemon [_thread_in_native, id=30476, stack(0x0000008b9f000000,0x0000008b9f100000)]


Current CompileTask:
C2:2342734 11123       4       org.hibernate.query.sqm.tree.select.SqmSelectStatement::copy (150 bytes)

Stack: [0x0000008b9f000000,0x0000008b9f100000]
Native frames: (J=compiled Java code, j=interpreted, Vv=VM code, C=native code)
V  [jvm.dll+0x676a4a]
V  [jvm.dll+0x7d74f4]
V  [jvm.dll+0x7d8c9e]
V  [jvm.dll+0x7d9303]
V  [jvm.dll+0x2452c5]
V  [jvm.dll+0xaaa2b]
V  [jvm.dll+0xaafcc]
V  [jvm.dll+0x2aac2f]
V  [jvm.dll+0x57f375]
V  [jvm.dll+0x2205f2]
V  [jvm.dll+0x2191f0]
V  [jvm.dll+0x216df9]
V  [jvm.dll+0x1a35e0]
V  [jvm.dll+0x226a6e]
V  [jvm.dll+0x224e15]
V  [jvm.dll+0x78d05c]
V  [jvm.dll+0x78759a]
V  [jvm.dll+0x675875]
C  [ucrtbase.dll+0x21bb2]
C  [KERNEL32.DLL+0x17614]
C  [ntdll.dll+0x526a1]


---------------  P R O C E S S  ---------------

Threads class SMR info:
_java_thread_list=0x000001e460ddb5b0, length=31, elements={
0x000001e457f4d780, 0x000001e457f4eca0, 0x000001e457f5e460, 0x000001e457f5fe30,
0x000001e457f62fa0, 0x000001e457f65c20, 0x000001e457f6a910, 0x000001e457f6b670,
0x000001e457f7e310, 0x000001e4589b70c0, 0x000001e4589d3090, 0x000001e45b3c26e0,
0x000001e45bebe430, 0x000001e45c0019d0, 0x000001e45c29de70, 0x000001e459821f10,
0x000001e459824590, 0x000001e459823bf0, 0x000001e4598228b0, 0x000001e459824a60,
0x000001e459822d80, 0x000001e459824f30, 0x000001e459825400, 0x000001e459821a40,
0x000001e459823250, 0x000001e45bb57f20, 0x000001e45bb56be0, 0x000001e45bb588c0,
0x000001e45bb53bc0, 0x000001e45a158990, 0x000001e45a1598c0
}

Java Threads: ( => current thread )
  0x000001e457f4d780 JavaThread "Reference Handler" daemon [_thread_blocked, id=23924, stack(0x0000008b9fa00000,0x0000008b9fb00000)]
  0x000001e457f4eca0 JavaThread "Finalizer" daemon [_thread_blocked, id=27192, stack(0x0000008b9fb00000,0x0000008b9fc00000)]
  0x000001e457f5e460 JavaThread "Signal Dispatcher" daemon [_thread_blocked, id=28460, stack(0x0000008b9fc00000,0x0000008b9fd00000)]
  0x000001e457f5fe30 JavaThread "Attach Listener" daemon [_thread_blocked, id=19488, stack(0x0000008b9fd00000,0x0000008b9fe00000)]
  0x000001e457f62fa0 JavaThread "Service Thread" daemon [_thread_blocked, id=15388, stack(0x0000008b9fe00000,0x0000008b9ff00000)]
  0x000001e457f65c20 JavaThread "Monitor Deflation Thread" daemon [_thread_blocked, id=2720, stack(0x0000008b9ff00000,0x0000008ba0000000)]
  0x000001e457f6a910 JavaThread "C2 CompilerThread0" daemon [_thread_blocked, id=620, stack(0x0000008ba0000000,0x0000008ba0100000)]
  0x000001e457f6b670 JavaThread "C1 CompilerThread0" daemon [_thread_blocked, id=2908, stack(0x0000008ba0100000,0x0000008ba0200000)]
  0x000001e457f7e310 JavaThread "Sweeper thread" daemon [_thread_blocked, id=20468, stack(0x0000008ba0200000,0x0000008ba0300000)]
  0x000001e4589b70c0 JavaThread "Notification Thread" daemon [_thread_blocked, id=1456, stack(0x0000008ba0300000,0x0000008ba0400000)]
  0x000001e4589d3090 JavaThread "Common-Cleaner" daemon [_thread_blocked, id=30416, stack(0x0000008ba0500000,0x0000008ba0600000)]
  0x000001e45b3c26e0 JavaThread "Catalina-utility-1" [_thread_blocked, id=20192, stack(0x0000008ba0f00000,0x0000008ba1000000)]
  0x000001e45bebe430 JavaThread "Catalina-utility-2" [_thread_blocked, id=17196, stack(0x0000008ba1000000,0x0000008ba1100000)]
  0x000001e45c0019d0 JavaThread "container-0" [_thread_blocked, id=13040, stack(0x0000008ba1100000,0x0000008ba1200000)]
  0x000001e45c29de70 JavaThread "mysql-cj-abandoned-connection-cleanup" daemon [_thread_blocked, id=15628, stack(0x0000008ba1200000,0x0000008ba1300000)]
  0x000001e459821f10 JavaThread "HikariPool-1 housekeeper" daemon [_thread_blocked, id=7676, stack(0x0000008ba1400000,0x0000008ba1500000)]
  0x000001e459824590 JavaThread "http-nio-8080-exec-1" daemon [_thread_blocked, id=16860, stack(0x0000008ba1600000,0x0000008ba1700000)]
  0x000001e459823bf0 JavaThread "http-nio-8080-exec-2" daemon [_thread_blocked, id=17388, stack(0x0000008ba1700000,0x0000008ba1800000)]
  0x000001e4598228b0 JavaThread "http-nio-8080-exec-3" daemon [_thread_blocked, id=10352, stack(0x0000008ba1800000,0x0000008ba1900000)]
  0x000001e459824a60 JavaThread "http-nio-8080-exec-4" daemon [_thread_blocked, id=24224, stack(0x0000008ba1900000,0x0000008ba1a00000)]
  0x000001e459822d80 JavaThread "http-nio-8080-exec-5" daemon [_thread_blocked, id=3856, stack(0x0000008ba1a00000,0x0000008ba1b00000)]
  0x000001e459824f30 JavaThread "http-nio-8080-exec-6" daemon [_thread_blocked, id=27716, stack(0x0000008ba1b00000,0x0000008ba1c00000)]
  0x000001e459825400 JavaThread "http-nio-8080-exec-7" daemon [_thread_blocked, id=3828, stack(0x0000008ba1c00000,0x0000008ba1d00000)]
  0x000001e459821a40 JavaThread "http-nio-8080-exec-8" daemon [_thread_blocked, id=20840, stack(0x0000008ba1d00000,0x0000008ba1e00000)]
  0x000001e459823250 JavaThread "http-nio-8080-exec-9" daemon [_thread_blocked, id=8932, stack(0x0000008ba1e00000,0x0000008ba1f00000)]
  0x000001e45bb57f20 JavaThread "http-nio-8080-exec-10" daemon [_thread_blocked, id=5524, stack(0x0000008ba1f00000,0x0000008ba2000000)]
  0x000001e45bb56be0 JavaThread "http-nio-8080-Poller" daemon [_thread_in_native, id=17232, stack(0x0000008ba2000000,0x0000008ba2100000)]
  0x000001e45bb588c0 JavaThread "http-nio-8080-Acceptor" daemon [_thread_in_native, id=10052, stack(0x0000008ba2100000,0x0000008ba2200000)]
  0x000001e45bb53bc0 JavaThread "DestroyJavaVM" [_thread_blocked, id=14908, stack(0x0000008b9f300000,0x0000008b9f400000)]
=>0x000001e45a158990 JavaThread "C2 CompilerThread1" daemon [_thread_in_native, id=30476, stack(0x0000008b9f000000,0x0000008b9f100000)]
  0x000001e45a1598c0 JavaThread "C2 CompilerThread2" daemon [_thread_in_native, id=30704, stack(0x0000008b9f100000,0x0000008b9f200000)]

Other Threads:
  0x000001e457f47c10 VMThread "VM Thread" [stack: 0x0000008b9f900000,0x0000008b9fa00000] [id=15960]
  0x000001e4589bddd0 WatcherThread [stack: 0x0000008ba0400000,0x0000008ba0500000] [id=14040]
  0x000001e439ee34b0 GCTaskThread "GC Thread#0" [stack: 0x0000008b9f400000,0x0000008b9f500000] [id=16136]
  0x000001e459702590 GCTaskThread "GC Thread#1" [stack: 0x0000008ba0700000,0x0000008ba0800000] [id=13512]
  0x000001e459770b00 GCTaskThread "GC Thread#2" [stack: 0x0000008ba0800000,0x0000008ba0900000] [id=23980]
  0x000001e459706110 GCTaskThread "GC Thread#3" [stack: 0x0000008ba0900000,0x0000008ba0a00000] [id=10164]
  0x000001e459412ac0 GCTaskThread "GC Thread#4" [stack: 0x0000008ba0a00000,0x0000008ba0b00000] [id=28932]
  0x000001e459257fa0 GCTaskThread "GC Thread#5" [stack: 0x0000008ba0b00000,0x0000008ba0c00000] [id=6448]
  0x000001e459975670 GCTaskThread "GC Thread#6" [stack: 0x0000008ba0d00000,0x0000008ba0e00000] [id=19128]
  0x000001e459955890 GCTaskThread "GC Thread#7" [stack: 0x0000008ba0e00000,0x0000008ba0f00000] [id=24156]
  0x000001e439ef6740 ConcurrentGCThread "G1 Main Marker" [stack: 0x0000008b9f500000,0x0000008b9f600000] [id=29776]
  0x000001e439ef8070 ConcurrentGCThread "G1 Conc#0" [stack: 0x0000008b9f600000,0x0000008b9f700000] [id=28212]
  0x000001e45b8f6480 ConcurrentGCThread "G1 Conc#1" [stack: 0x0000008ba0c00000,0x0000008ba0d00000] [id=26124]
  0x000001e439f5d680 ConcurrentGCThread "G1 Refine#0" [stack: 0x0000008b9f700000,0x0000008b9f800000] [id=22264]
  0x000001e439f5dfb0 ConcurrentGCThread "G1 Service" [stack: 0x0000008b9f800000,0x0000008b9f900000] [id=25452]

Threads with active compile tasks:
C2 CompilerThread1  2342951 11123       4       org.hibernate.query.sqm.tree.select.SqmSelectStatement::copy (150 bytes)
C2 CompilerThread2  2342951 11124       4       org.hibernate.sql.ast.spi.AbstractSqlAstTranslator::renderPrimaryTableReference (333 bytes)

VM state: not at safepoint (normal execution)

VM Mutex/Monitor currently owned by a thread: None

Heap address: 0x0000000081c00000, size: 2020 MB, Compressed Oops mode: 32-bit

CDS archive(s) mapped at: [0x0000000800000000-0x0000000800bd0000-0x0000000800bd0000), size 12386304, SharedBaseAddress: 0x0000000800000000, ArchiveRelocationMode: 0.
Compressed class space mapped at: 0x0000000800c00000-0x0000000840c00000, reserved size: 1073741824
Narrow klass base: 0x0000000800000000, Narrow klass shift: 0, Narrow klass range: 0x100000000

GC Precious Log:
 CPUs: 8 total, 8 available
 Memory: 8072M
 Large Page Support: Disabled
 NUMA Support: Disabled
 Compressed Oops: Enabled (32-bit)
 Heap Region Size: 1M
 Heap Min Capacity: 8M
 Heap Initial Capacity: 128M
 Heap Max Capacity: 2020M
 Pre-touch: Disabled
 Parallel Workers: 8
 Concurrent Workers: 2
 Concurrent Refinement Workers: 8
 Periodic GC: Disabled

Heap:
 garbage-first heap   total 92160K, used 28858K [0x0000000081c00000, 0x0000000100000000)
  region size 1024K, 6 young (6144K), 4 survivors (4096K)
 Metaspace       used 70821K, committed 71424K, reserved 1114112K
  class space    used 9176K, committed 9472K, reserved 1048576K

Heap Regions: E=young(eden), S=young(survivor), O=old, HS=humongous(starts), HC=humongous(continues), CS=collection set, F=free, OA=open archive, CA=closed archive, TAMS=top-at-mark-start (previous, next)
|   0|0x0000000081c00000, 0x0000000081d00000, 0x0000000081d00000|100%|HS|  |TAMS 0x0000000081d00000, 0x0000000081c00000| Complete 
|   1|0x0000000081d00000, 0x0000000081e00000, 0x0000000081e00000|100%| O|  |TAMS 0x0000000081e00000, 0x0000000081d00000| Untracked 
|   2|0x0000000081e00000, 0x0000000081f00000, 0x0000000081f00000|100%| O|  |TAMS 0x0000000081f00000, 0x0000000081e00000| Untracked 
|   3|0x0000000081f00000, 0x0000000082000000, 0x0000000082000000|100%| O|  |TAMS 0x0000000082000000, 0x0000000081f00000| Untracked 
|   4|0x0000000082000000, 0x0000000082100000, 0x0000000082100000|100%| O|  |TAMS 0x0000000082100000, 0x0000000082000000| Untracked 
|   5|0x0000000082100000, 0x0000000082200000, 0x0000000082200000|100%| O|  |TAMS 0x0000000082200000, 0x0000000082100000| Untracked 
|   6|0x0000000082200000, 0x0000000082300000, 0x0000000082300000|100%| O|  |TAMS 0x0000000082300000, 0x0000000082200000| Untracked 
|   7|0x0000000082300000, 0x0000000082400000, 0x0000000082400000|100%| O|  |TAMS 0x0000000082400000, 0x0000000082300000| Untracked 
|   8|0x0000000082400000, 0x0000000082500000, 0x0000000082500000|100%| O|  |TAMS 0x0000000082500000, 0x0000000082400000| Untracked 
|   9|0x0000000082500000, 0x0000000082600000, 0x0000000082600000|100%| O|  |TAMS 0x0000000082600000, 0x0000000082500000| Untracked 
|  10|0x0000000082600000, 0x0000000082700000, 0x0000000082700000|100%| O|  |TAMS 0x0000000082700000, 0x0000000082600000| Untracked 
|  11|0x0000000082700000, 0x0000000082800000, 0x0000000082800000|100%| O|  |TAMS 0x0000000082800000, 0x0000000082700000| Untracked 
|  12|0x0000000082800000, 0x0000000082900000, 0x0000000082900000|100%| O|  |TAMS 0x0000000082900000, 0x0000000082800000| Untracked 
|  13|0x0000000082900000, 0x0000000082a00000, 0x0000000082a00000|100%| O|  |TAMS 0x0000000082a00000, 0x0000000082900000| Untracked 
|  14|0x0000000082a00000, 0x0000000082b00000, 0x0000000082b00000|100%| O|  |TAMS 0x0000000082b00000, 0x0000000082a00000| Untracked 
|  15|0x0000000082b00000, 0x0000000082ba9000, 0x0000000082c00000| 66%| O|  |TAMS 0x0000000082b00000, 0x0000000082b00000| Untracked 
|  16|0x0000000082c00000, 0x0000000082d00000, 0x0000000082d00000|100%| O|  |TAMS 0x0000000082d00000, 0x0000000082c00000| Untracked 
|  17|0x0000000082d00000, 0x0000000082e00000, 0x0000000082e00000|100%| O|  |TAMS 0x0000000082e00000, 0x0000000082d00000| Untracked 
|  18|0x0000000082e00000, 0x0000000082f00000, 0x0000000082f00000|100%| O|  |TAMS 0x0000000082f00000, 0x0000000082e00000| Untracked 
|  19|0x0000000082f00000, 0x0000000083000000, 0x0000000083000000|100%| O|  |TAMS 0x0000000082f9ce00, 0x0000000082f00000| Untracked 
|  20|0x0000000083000000, 0x0000000083100000, 0x0000000083100000|100%| O|  |TAMS 0x0000000083000000, 0x0000000083000000| Untracked 
|  21|0x0000000083100000, 0x0000000083200000, 0x0000000083200000|100%| O|  |TAMS 0x0000000083100000, 0x0000000083100000| Untracked 
|  22|0x0000000083200000, 0x0000000083300000, 0x0000000083300000|100%| O|  |TAMS 0x0000000083200000, 0x0000000083200000| Untracked 
|  23|0x0000000083300000, 0x0000000083400000, 0x0000000083400000|100%| O|  |TAMS 0x0000000083300000, 0x0000000083300000| Untracked 
|  24|0x0000000083400000, 0x000000008345e600, 0x0000000083500000| 36%| O|  |TAMS 0x0000000083400000, 0x0000000083400000| Untracked 
|  25|0x0000000083500000, 0x0000000083500000, 0x0000000083600000|  0%| F|  |TAMS 0x0000000083500000, 0x0000000083500000| Untracked 
|  26|0x0000000083600000, 0x0000000083600000, 0x0000000083700000|  0%| F|  |TAMS 0x0000000083600000, 0x0000000083600000| Untracked 
|  27|0x0000000083700000, 0x0000000083700000, 0x0000000083800000|  0%| F|  |TAMS 0x0000000083700000, 0x0000000083700000| Untracked 
|  28|0x0000000083800000, 0x0000000083800000, 0x0000000083900000|  0%| F|  |TAMS 0x0000000083800000, 0x0000000083800000| Untracked 
|  29|0x0000000083900000, 0x0000000083900000, 0x0000000083a00000|  0%| F|  |TAMS 0x0000000083900000, 0x0000000083900000| Untracked 
|  30|0x0000000083a00000, 0x0000000083a00000, 0x0000000083b00000|  0%| F|  |TAMS 0x0000000083a00000, 0x0000000083a00000| Untracked 
|  31|0x0000000083b00000, 0x0000000083b00000, 0x0000000083c00000|  0%| F|  |TAMS 0x0000000083b00000, 0x0000000083b00000| Untracked 
|  32|0x0000000083c00000, 0x0000000083c00000, 0x0000000083d00000|  0%| F|  |TAMS 0x0000000083c00000, 0x0000000083c00000| Untracked 
|  33|0x0000000083d00000, 0x0000000083d00000, 0x0000000083e00000|  0%| F|  |TAMS 0x0000000083d00000, 0x0000000083d00000| Untracked 
|  34|0x0000000083e00000, 0x0000000083e27580, 0x0000000083f00000| 15%| S|CS|TAMS 0x0000000083e00000, 0x0000000083e00000| Complete 
|  35|0x0000000083f00000, 0x0000000083f00000, 0x0000000084000000|  0%| F|  |TAMS 0x0000000083f00000, 0x0000000083f00000| Untracked 
|  36|0x0000000084000000, 0x0000000084100000, 0x0000000084100000|100%| S|CS|TAMS 0x0000000084000000, 0x0000000084000000| Complete 
|  37|0x0000000084100000, 0x0000000084200000, 0x0000000084200000|100%| S|CS|TAMS 0x0000000084100000, 0x0000000084100000| Complete 
|  38|0x0000000084200000, 0x0000000084200000, 0x0000000084300000|  0%| F|  |TAMS 0x0000000084200000, 0x0000000084200000| Untracked 
|  39|0x0000000084300000, 0x0000000084400000, 0x0000000084400000|100%| S|CS|TAMS 0x0000000084300000, 0x0000000084300000| Complete 
|  40|0x0000000084400000, 0x0000000084400000, 0x0000000084500000|  0%| F|  |TAMS 0x0000000084400000, 0x0000000084400000| Untracked 
|  41|0x0000000084500000, 0x0000000084500000, 0x0000000084600000|  0%| F|  |TAMS 0x0000000084500000, 0x0000000084500000| Untracked 
|  42|0x0000000084600000, 0x0000000084600000, 0x0000000084700000|  0%| F|  |TAMS 0x0000000084600000, 0x0000000084600000| Untracked 
|  43|0x0000000084700000, 0x0000000084700000, 0x0000000084800000|  0%| F|  |TAMS 0x0000000084700000, 0x0000000084700000| Untracked 
|  44|0x0000000084800000, 0x0000000084800000, 0x0000000084900000|  0%| F|  |TAMS 0x0000000084800000, 0x0000000084800000| Untracked 
|  45|0x0000000084900000, 0x0000000084900000, 0x0000000084a00000|  0%| F|  |TAMS 0x0000000084900000, 0x0000000084900000| Untracked 
|  46|0x0000000084a00000, 0x0000000084a00000, 0x0000000084b00000|  0%| F|  |TAMS 0x0000000084a00000, 0x0000000084a00000| Untracked 
|  47|0x0000000084b00000, 0x0000000084b00000, 0x0000000084c00000|  0%| F|  |TAMS 0x0000000084b00000, 0x0000000084b00000| Untracked 
|  48|0x0000000084c00000, 0x0000000084c00000, 0x0000000084d00000|  0%| F|  |TAMS 0x0000000084c00000, 0x0000000084c00000| Untracked 
|  49|0x0000000084d00000, 0x0000000084d00000, 0x0000000084e00000|  0%| F|  |TAMS 0x0000000084d00000, 0x0000000084d00000| Untracked 
|  50|0x0000000084e00000, 0x0000000084e00000, 0x0000000084f00000|  0%| F|  |TAMS 0x0000000084e00000, 0x0000000084e00000| Untracked 
|  51|0x0000000084f00000, 0x0000000084f00000, 0x0000000085000000|  0%| F|  |TAMS 0x0000000084f00000, 0x0000000084f00000| Untracked 
|  52|0x0000000085000000, 0x0000000085000000, 0x0000000085100000|  0%| F|  |TAMS 0x0000000085000000, 0x0000000085000000| Untracked 
|  53|0x0000000085100000, 0x0000000085100000, 0x0000000085200000|  0%| F|  |TAMS 0x0000000085100000, 0x0000000085100000| Untracked 
|  54|0x0000000085200000, 0x0000000085200000, 0x0000000085300000|  0%| F|  |TAMS 0x0000000085200000, 0x0000000085200000| Untracked 
|  55|0x0000000085300000, 0x0000000085300000, 0x0000000085400000|  0%| F|  |TAMS 0x0000000085300000, 0x0000000085300000| Untracked 
|  56|0x0000000085400000, 0x0000000085400000, 0x0000000085500000|  0%| F|  |TAMS 0x0000000085400000, 0x0000000085400000| Untracked 
|  57|0x0000000085500000, 0x0000000085500000, 0x0000000085600000|  0%| F|  |TAMS 0x0000000085500000, 0x0000000085500000| Untracked 
|  58|0x0000000085600000, 0x0000000085600000, 0x0000000085700000|  0%| F|  |TAMS 0x0000000085600000, 0x0000000085600000| Untracked 
|  59|0x0000000085700000, 0x0000000085700000, 0x0000000085800000|  0%| F|  |TAMS 0x0000000085700000, 0x0000000085700000| Untracked 
|  60|0x0000000085800000, 0x0000000085800000, 0x0000000085900000|  0%| F|  |TAMS 0x0000000085800000, 0x0000000085800000| Untracked 
|  61|0x0000000085900000, 0x0000000085900000, 0x0000000085a00000|  0%| F|  |TAMS 0x0000000085900000, 0x0000000085900000| Untracked 
|  62|0x0000000085a00000, 0x0000000085a00000, 0x0000000085b00000|  0%| F|  |TAMS 0x0000000085a00000, 0x0000000085a00000| Untracked 
|  63|0x0000000085b00000, 0x0000000085b00000, 0x0000000085c00000|  0%| F|  |TAMS 0x0000000085b00000, 0x0000000085b00000| Untracked 
|  64|0x0000000085c00000, 0x0000000085c00000, 0x0000000085d00000|  0%| F|  |TAMS 0x0000000085c00000, 0x0000000085c00000| Untracked 
|  65|0x0000000085d00000, 0x0000000085d00000, 0x0000000085e00000|  0%| F|  |TAMS 0x0000000085d00000, 0x0000000085d00000| Untracked 
|  66|0x0000000085e00000, 0x0000000085e00000, 0x0000000085f00000|  0%| F|  |TAMS 0x0000000085e00000, 0x0000000085e00000| Untracked 
|  67|0x0000000085f00000, 0x0000000085f00000, 0x0000000086000000|  0%| F|  |TAMS 0x0000000085f00000, 0x0000000085f00000| Untracked 
|  68|0x0000000086000000, 0x0000000086000000, 0x0000000086100000|  0%| F|  |TAMS 0x0000000086000000, 0x0000000086000000| Untracked 
|  69|0x0000000086100000, 0x0000000086100000, 0x0000000086200000|  0%| F|  |TAMS 0x0000000086100000, 0x0000000086100000| Untracked 
|  70|0x0000000086200000, 0x0000000086200000, 0x0000000086300000|  0%| F|  |TAMS 0x0000000086200000, 0x0000000086200000| Untracked 
|  71|0x0000000086300000, 0x0000000086300000, 0x0000000086400000|  0%| F|  |TAMS 0x0000000086300000, 0x0000000086300000| Untracked 
|  72|0x0000000086400000, 0x0000000086400000, 0x0000000086500000|  0%| F|  |TAMS 0x0000000086400000, 0x0000000086400000| Untracked 
|  73|0x0000000086500000, 0x0000000086500000, 0x0000000086600000|  0%| F|  |TAMS 0x0000000086500000, 0x0000000086500000| Untracked 
|  74|0x0000000086600000, 0x0000000086600000, 0x0000000086700000|  0%| F|  |TAMS 0x0000000086600000, 0x0000000086600000| Untracked 
|  75|0x0000000086700000, 0x0000000086700000, 0x0000000086800000|  0%| F|  |TAMS 0x0000000086700000, 0x0000000086700000| Untracked 
|  76|0x0000000086800000, 0x0000000086800000, 0x0000000086900000|  0%| F|  |TAMS 0x0000000086800000, 0x0000000086800000| Untracked 
|  77|0x0000000086900000, 0x0000000086900000, 0x0000000086a00000|  0%| F|  |TAMS 0x0000000086900000, 0x0000000086900000| Untracked 
|  78|0x0000000086a00000, 0x0000000086a00000, 0x0000000086b00000|  0%| F|  |TAMS 0x0000000086a00000, 0x0000000086a00000| Untracked 
|  79|0x0000000086b00000, 0x0000000086b00000, 0x0000000086c00000|  0%| F|  |TAMS 0x0000000086b00000, 0x0000000086b00000| Untracked 
|  80|0x0000000086c00000, 0x0000000086c00000, 0x0000000086d00000|  0%| F|  |TAMS 0x0000000086c00000, 0x0000000086c00000| Untracked 
|  81|0x0000000086d00000, 0x0000000086d00000, 0x0000000086e00000|  0%| F|  |TAMS 0x0000000086d00000, 0x0000000086d00000| Untracked 
|  82|0x0000000086e00000, 0x0000000086e00000, 0x0000000086f00000|  0%| F|  |TAMS 0x0000000086e00000, 0x0000000086e00000| Untracked 
|  83|0x0000000086f00000, 0x0000000086f00000, 0x0000000087000000|  0%| F|  |TAMS 0x0000000086f00000, 0x0000000086f00000| Untracked 
|  84|0x0000000087000000, 0x0000000087000000, 0x0000000087100000|  0%| F|  |TAMS 0x0000000087000000, 0x0000000087000000| Untracked 
|  85|0x0000000087100000, 0x0000000087100000, 0x0000000087200000|  0%| F|  |TAMS 0x0000000087100000, 0x0000000087100000| Untracked 
|  86|0x0000000087200000, 0x0000000087200000, 0x0000000087300000|  0%| F|  |TAMS 0x0000000087200000, 0x0000000087200000| Untracked 
|  87|0x0000000087300000, 0x0000000087300000, 0x0000000087400000|  0%| F|  |TAMS 0x0000000087300000, 0x0000000087300000| Untracked 
|  92|0x0000000087800000, 0x00000000878c3510, 0x0000000087900000| 76%| E|  |TAMS 0x0000000087800000, 0x0000000087800000| Complete 
| 127|0x0000000089b00000, 0x0000000089c00000, 0x0000000089c00000|100%| E|CS|TAMS 0x0000000089b00000, 0x0000000089b00000| Complete 

Card table byte_map: [0x000001e450e40000,0x000001e451240000] _byte_map_base: 0x000001e450a32000

Marking Bits (Prev, Next): (CMBitMap*) 0x000001e439ee4a20, (CMBitMap*) 0x000001e439ee49e0
 Prev Bits: [0x000001e4535d0000, 0x000001e455560000)
 Next Bits: [0x000001e451640000, 0x000001e4535d0000)

Polling page: 0x000001e437dc0000

Metaspace:

Usage:
  Non-class:     60.20 MB used.
      Class:      8.96 MB used.
       Both:     69.16 MB used.

Virtual space:
  Non-class space:       64.00 MB reserved,      60.50 MB ( 95%) committed,  8 nodes.
      Class space:        1.00 GB reserved,       9.25 MB ( <1%) committed,  1 nodes.
             Both:        1.06 GB reserved,      69.75 MB (  6%) committed. 

Chunk freelists:
   Non-Class:  3.41 MB
       Class:  2.80 MB
        Both:  6.21 MB

MaxMetaspaceSize: unlimited
CompressedClassSpaceSize: 1.00 GB
Initial GC threshold: 21.00 MB
Current GC threshold: 99.06 MB
CDS: on
MetaspaceReclaimPolicy: balanced
 - commit_granule_bytes: 65536.
 - commit_granule_words: 8192.
 - virtual_space_node_default_size: 1048576.
 - enlarge_chunks_in_place: 1.
 - new_chunks_are_fully_committed: 0.
 - uncommit_free_chunks: 1.
 - use_allocation_guard: 0.
 - handle_deallocations: 1.


Internal statistics:

num_allocs_failed_limit: 9.
num_arena_births: 818.
num_arena_deaths: 0.
num_vsnodes_births: 9.
num_vsnodes_deaths: 0.
num_space_committed: 1116.
num_space_uncommitted: 0.
num_chunks_returned_to_freelist: 9.
num_chunks_taken_from_freelist: 3341.
num_chunk_merges: 6.
num_chunk_splits: 2390.
num_chunks_enlarged: 1853.
num_purges: 0.
num_inconsistent_stats: 0.

CodeHeap 'non-profiled nmethods': size=120000Kb used=8548Kb max_used=8548Kb free=111452Kb
 bounds [0x000001e4491e0000, 0x000001e449a40000, 0x000001e450710000]
CodeHeap 'profiled nmethods': size=120000Kb used=18299Kb max_used=21067Kb free=101700Kb
 bounds [0x000001e441710000, 0x000001e442bb0000, 0x000001e448c40000]
CodeHeap 'non-nmethods': size=5760Kb used=1372Kb max_used=1463Kb free=4387Kb
 bounds [0x000001e448c40000, 0x000001e448eb0000, 0x000001e4491e0000]
 total_blobs=10101 nmethods=9395 adapters=617
 compilation: enabled
              stopped_count=0, restarted_count=0
 full_count=0

Compilation events (20 events):
Event: 2342.631 Thread 0x000001e457f6a910 11115       4       org.hibernate.query.sqm.internal.QuerySqmImpl::executionContextFordoList (159 bytes)
Event: 2342.632 Thread 0x000001e457f6a910 nmethod 11115 0x000001e449a2d890 code [0x000001e449a2da00, 0x000001e449a2dab8]
Event: 2342.635 Thread 0x000001e457f6a910 11116       4       org.hibernate.query.spi.AbstractSelectionQuery::checkQueryReturnType (174 bytes)
Event: 2342.636 Thread 0x000001e45a158990 11117       4       org.springframework.web.context.request.async.WebAsyncManager::registerDeferredResultInterceptors (67 bytes)
Event: 2342.638 Thread 0x000001e45a158990 nmethod 11117 0x000001e449a2db90 code [0x000001e449a2dd00, 0x000001e449a2ddb8]
Event: 2342.642 Thread 0x000001e45a158990 11118       4       com.zaxxer.hikari.util.ClockSource$NanosecondClockSource::elapsedMillis0 (10 bytes)
Event: 2342.643 Thread 0x000001e45a158990 nmethod 11118 0x000001e449a2de90 code [0x000001e449a2e000, 0x000001e449a2e118]
Event: 2342.644 Thread 0x000001e45a158990 11119       4       org.springframework.ui.ExtendedModelMap::addAllAttributes (6 bytes)
Event: 2342.645 Thread 0x000001e45a158990 nmethod 11119 0x000001e449a2e210 code [0x000001e449a2e380, 0x000001e449a2e418]
Event: 2342.645 Thread 0x000001e45a158990 11120       4       org.springframework.web.context.request.async.StandardServletAsyncWebRequest::<init> (51 bytes)
Event: 2342.658 Thread 0x000001e457f6a910 nmethod 11116 0x000001e449a2e510 code [0x000001e449a2e720, 0x000001e449a2f118]
Event: 2342.659 Thread 0x000001e457f6a910 11121       4       org.hibernate.query.sqm.internal.ConcreteSqmSelectQueryPlan$$Lambda$1452/0x0000000801503970::interpret (28 bytes)
Event: 2342.670 Thread 0x000001e45a158990 nmethod 11120 0x000001e449a2fa10 code [0x000001e449a2fbc0, 0x000001e449a30658]
Event: 2342.681 Thread 0x000001e45a158990 11122       4       com.fasterxml.jackson.core.json.JsonWriteContext::createRootContext (11 bytes)
Event: 2342.683 Thread 0x000001e45a158990 nmethod 11122 0x000001e449a30890 code [0x000001e449a30a00, 0x000001e449a30ad8]
Event: 2342.694 Thread 0x000001e45a158990 11123       4       org.hibernate.query.sqm.tree.select.SqmSelectStatement::copy (150 bytes)
Event: 2342.712 Thread 0x000001e45a1598c0 nmethod 11111 0x000001e449a30b90 code [0x000001e449a30e60, 0x000001e449a33038]
Event: 2342.713 Thread 0x000001e45a1598c0 11124       4       org.hibernate.sql.ast.spi.AbstractSqlAstTranslator::renderPrimaryTableReference (333 bytes)
Event: 2342.726 Thread 0x000001e457f6b670 11126       2       org.hibernate.query.spi.AbstractCommonQueryContract::getHibernateFlushMode (10 bytes)
Event: 2342.726 Thread 0x000001e457f6b670 nmethod 11126 0x000001e44185ee90 code [0x000001e44185f020, 0x000001e44185f138]

GC Heap History (20 events):
Event: 2323.006 GC heap before
{Heap before GC invocations=16 (full 0):
 garbage-first heap   total 92160K, used 70865K [0x0000000081c00000, 0x0000000100000000)
  region size 1024K, 47 young (48128K), 5 survivors (5120K)
 Metaspace       used 70342K, committed 70976K, reserved 1114112K
  class space    used 9172K, committed 9472K, reserved 1048576K
}
Event: 2323.016 GC heap after
{Heap after GC invocations=17 (full 0):
 garbage-first heap   total 92160K, used 27877K [0x0000000081c00000, 0x0000000100000000)
  region size 1024K, 4 young (4096K), 4 survivors (4096K)
 Metaspace       used 70342K, committed 70976K, reserved 1114112K
  class space    used 9172K, committed 9472K, reserved 1048576K
}
Event: 2325.841 GC heap before
{Heap before GC invocations=17 (full 0):
 garbage-first heap   total 92160K, used 71909K [0x0000000081c00000, 0x0000000100000000)
  region size 1024K, 47 young (48128K), 4 survivors (4096K)
 Metaspace       used 70660K, committed 71232K, reserved 1114112K
  class space    used 9172K, committed 9472K, reserved 1048576K
}
Event: 2325.846 GC heap after
{Heap after GC invocations=18 (full 0):
 garbage-first heap   total 92160K, used 27856K [0x0000000081c00000, 0x0000000100000000)
  region size 1024K, 4 young (4096K), 4 survivors (4096K)
 Metaspace       used 70660K, committed 71232K, reserved 1114112K
  class space    used 9172K, committed 9472K, reserved 1048576K
}
Event: 2327.964 GC heap before
{Heap before GC invocations=18 (full 0):
 garbage-first heap   total 92160K, used 72912K [0x0000000081c00000, 0x0000000100000000)
  region size 1024K, 48 young (49152K), 4 survivors (4096K)
 Metaspace       used 70775K, committed 71360K, reserved 1114112K
  class space    used 9173K, committed 9472K, reserved 1048576K
}
Event: 2327.969 GC heap after
{Heap after GC invocations=19 (full 0):
 garbage-first heap   total 92160K, used 27899K [0x0000000081c00000, 0x0000000100000000)
  region size 1024K, 4 young (4096K), 4 survivors (4096K)
 Metaspace       used 70775K, committed 71360K, reserved 1114112K
  class space    used 9173K, committed 9472K, reserved 1048576K
}
Event: 2330.308 GC heap before
{Heap before GC invocations=19 (full 0):
 garbage-first heap   total 92160K, used 75003K [0x0000000081c00000, 0x0000000100000000)
  region size 1024K, 50 young (51200K), 4 survivors (4096K)
 Metaspace       used 70783K, committed 71424K, reserved 1114112K
  class space    used 9173K, committed 9472K, reserved 1048576K
}
Event: 2330.315 GC heap after
{Heap after GC invocations=20 (full 0):
 garbage-first heap   total 92160K, used 27922K [0x0000000081c00000, 0x0000000100000000)
  region size 1024K, 4 young (4096K), 4 survivors (4096K)
 Metaspace       used 70783K, committed 71424K, reserved 1114112K
  class space    used 9173K, committed 9472K, reserved 1048576K
}
Event: 2332.368 GC heap before
{Heap before GC invocations=20 (full 0):
 garbage-first heap   total 92160K, used 76050K [0x0000000081c00000, 0x0000000100000000)
  region size 1024K, 51 young (52224K), 4 survivors (4096K)
 Metaspace       used 70790K, committed 71424K, reserved 1114112K
  class space    used 9173K, committed 9472K, reserved 1048576K
}
Event: 2332.373 GC heap after
{Heap after GC invocations=21 (full 0):
 garbage-first heap   total 92160K, used 27834K [0x0000000081c00000, 0x0000000100000000)
  region size 1024K, 4 young (4096K), 4 survivors (4096K)
 Metaspace       used 70790K, committed 71424K, reserved 1114112K
  class space    used 9173K, committed 9472K, reserved 1048576K
}
Event: 2334.455 GC heap before
{Heap before GC invocations=21 (full 0):
 garbage-first heap   total 92160K, used 76986K [0x0000000081c00000, 0x0000000100000000)
  region size 1024K, 52 young (53248K), 4 survivors (4096K)
 Metaspace       used 70791K, committed 71424K, reserved 1114112K
  class space    used 9174K, committed 9472K, reserved 1048576K
}
Event: 2334.463 GC heap after
{Heap after GC invocations=22 (full 0):
 garbage-first heap   total 92160K, used 27779K [0x0000000081c00000, 0x0000000100000000)
  region size 1024K, 4 young (4096K), 4 survivors (4096K)
 Metaspace       used 70791K, committed 71424K, reserved 1114112K
  class space    used 9174K, committed 9472K, reserved 1048576K
}
Event: 2336.547 GC heap before
{Heap before GC invocations=22 (full 0):
 garbage-first heap   total 92160K, used 76931K [0x0000000081c00000, 0x0000000100000000)
  region size 1024K, 52 young (53248K), 4 survivors (4096K)
 Metaspace       used 70794K, committed 71424K, reserved 1114112K
  class space    used 9175K, committed 9472K, reserved 1048576K
}
Event: 2336.552 GC heap after
{Heap after GC invocations=23 (full 0):
 garbage-first heap   total 92160K, used 27850K [0x0000000081c00000, 0x0000000100000000)
  region size 1024K, 4 young (4096K), 4 survivors (4096K)
 Metaspace       used 70794K, committed 71424K, reserved 1114112K
  class space    used 9175K, committed 9472K, reserved 1048576K
}
Event: 2338.548 GC heap before
{Heap before GC invocations=23 (full 0):
 garbage-first heap   total 92160K, used 77002K [0x0000000081c00000, 0x0000000100000000)
  region size 1024K, 52 young (53248K), 4 survivors (4096K)
 Metaspace       used 70816K, committed 71424K, reserved 1114112K
  class space    used 9175K, committed 9472K, reserved 1048576K
}
Event: 2338.553 GC heap after
{Heap after GC invocations=24 (full 0):
 garbage-first heap   total 92160K, used 27834K [0x0000000081c00000, 0x0000000100000000)
  region size 1024K, 4 young (4096K), 4 survivors (4096K)
 Metaspace       used 70816K, committed 71424K, reserved 1114112K
  class space    used 9175K, committed 9472K, reserved 1048576K
}
Event: 2340.590 GC heap before
{Heap before GC invocations=24 (full 0):
 garbage-first heap   total 92160K, used 76986K [0x0000000081c00000, 0x0000000100000000)
  region size 1024K, 52 young (53248K), 4 survivors (4096K)
 Metaspace       used 70818K, committed 71424K, reserved 1114112K
  class space    used 9175K, committed 9472K, reserved 1048576K
}
Event: 2340.595 GC heap after
{Heap after GC invocations=25 (full 0):
 garbage-first heap   total 92160K, used 27948K [0x0000000081c00000, 0x0000000100000000)
  region size 1024K, 4 young (4096K), 4 survivors (4096K)
 Metaspace       used 70818K, committed 71424K, reserved 1114112K
  class space    used 9175K, committed 9472K, reserved 1048576K
}
Event: 2342.626 GC heap before
{Heap before GC invocations=25 (full 0):
 garbage-first heap   total 92160K, used 77100K [0x0000000081c00000, 0x0000000100000000)
  region size 1024K, 52 young (53248K), 4 survivors (4096K)
 Metaspace       used 70821K, committed 71424K, reserved 1114112K
  class space    used 9176K, committed 9472K, reserved 1048576K
}
Event: 2342.631 GC heap after
{Heap after GC invocations=26 (full 0):
 garbage-first heap   total 92160K, used 27834K [0x0000000081c00000, 0x0000000100000000)
  region size 1024K, 4 young (4096K), 4 survivors (4096K)
 Metaspace       used 70821K, committed 71424K, reserved 1114112K
  class space    used 9176K, committed 9472K, reserved 1048576K
}

Deoptimization events (20 events):
Event: 2341.131 Thread 0x000001e459824f30 Uncommon trap: trap_request=0xffffff54 fr.pc=0x000001e4499d0764 relative=0x0000000000000204
Event: 2341.131 Thread 0x000001e459824f30 Uncommon trap: reason=speculate_null_assert action=make_not_entrant pc=0x000001e4499d0764 method=org.hibernate.internal.util.NullnessHelper.lambda$coalesceSuppliedValues$0(Ljava/lang/Object;)Ljava/lang/Boolean; @ 18 c2
Event: 2341.131 Thread 0x000001e459824f30 DEOPT PACKING pc=0x000001e4499d0764 sp=0x0000008ba1bfbf20
Event: 2341.131 Thread 0x000001e459824f30 DEOPT UNPACKING pc=0x000001e448c923a3 sp=0x0000008ba1bfbbf8 mode 2
Event: 2342.593 Thread 0x000001e4598228b0 Uncommon trap: trap_request=0xffffffbe fr.pc=0x000001e449a20be4 relative=0x0000000000000444
Event: 2342.593 Thread 0x000001e4598228b0 Uncommon trap: reason=profile_predicate action=maybe_recompile pc=0x000001e449a20be4 method=java.util.concurrent.ConcurrentHashMap$Traverser.advance()Ljava/util/concurrent/ConcurrentHashMap$Node; @ 15 c2
Event: 2342.593 Thread 0x000001e4598228b0 DEOPT PACKING pc=0x000001e449a20be4 sp=0x0000008ba18fd520
Event: 2342.593 Thread 0x000001e4598228b0 DEOPT UNPACKING pc=0x000001e448c923a3 sp=0x0000008ba18fd260 mode 2
Event: 2342.595 Thread 0x000001e45bb57f20 Uncommon trap: trap_request=0xffffffbe fr.pc=0x000001e449a20be4 relative=0x0000000000000444
Event: 2342.595 Thread 0x000001e45bb57f20 Uncommon trap: reason=profile_predicate action=maybe_recompile pc=0x000001e449a20be4 method=java.util.concurrent.ConcurrentHashMap$Traverser.advance()Ljava/util/concurrent/ConcurrentHashMap$Node; @ 15 c2
Event: 2342.595 Thread 0x000001e45bb57f20 DEOPT PACKING pc=0x000001e449a20be4 sp=0x0000008ba1ffd2f0
Event: 2342.595 Thread 0x000001e45bb57f20 DEOPT UNPACKING pc=0x000001e448c923a3 sp=0x0000008ba1ffd030 mode 2
Event: 2342.604 Thread 0x000001e459825400 Uncommon trap: trap_request=0xffffffbe fr.pc=0x000001e449a20be4 relative=0x0000000000000444
Event: 2342.604 Thread 0x000001e459825400 Uncommon trap: reason=profile_predicate action=maybe_recompile pc=0x000001e449a20be4 method=java.util.concurrent.ConcurrentHashMap$Traverser.advance()Ljava/util/concurrent/ConcurrentHashMap$Node; @ 15 c2
Event: 2342.604 Thread 0x000001e459825400 DEOPT PACKING pc=0x000001e449a20be4 sp=0x0000008ba1cfd050
Event: 2342.604 Thread 0x000001e459825400 DEOPT UNPACKING pc=0x000001e448c923a3 sp=0x0000008ba1cfcd90 mode 2
Event: 2342.606 Thread 0x000001e459824590 Uncommon trap: trap_request=0xffffffbe fr.pc=0x000001e449a20be4 relative=0x0000000000000444
Event: 2342.606 Thread 0x000001e459824590 Uncommon trap: reason=profile_predicate action=maybe_recompile pc=0x000001e449a20be4 method=java.util.concurrent.ConcurrentHashMap$Traverser.advance()Ljava/util/concurrent/ConcurrentHashMap$Node; @ 15 c2
Event: 2342.606 Thread 0x000001e459824590 DEOPT PACKING pc=0x000001e449a20be4 sp=0x0000008ba16fd310
Event: 2342.606 Thread 0x000001e459824590 DEOPT UNPACKING pc=0x000001e448c923a3 sp=0x0000008ba16fd050 mode 2

Classes unloaded (0 events):
No events

Classes redefined (0 events):
No events

Internal exceptions (20 events):
Event: 15.386 Thread 0x000001e459823bf0 Exception <a 'java/lang/NoSuchMethodError'{0x0000000085df82e8}: 'void java.lang.invoke.DirectMethodHandle$Holder.invokeSpecialIFC(java.lang.Object, java.lang.Object, int, java.lang.Object, java.lang.Object, java.lang.Object, java.lang.Object)'> (0x0000000085df82e8) 
thrown [s\open\src\hotspot\share\interpreter\linkResolver.cpp, line 759]
Event: 15.411 Thread 0x000001e459823bf0 Exception <a 'java/lang/IncompatibleClassChangeError'{0x0000000085ca7e30}: Found class java.lang.Object, but interface was expected> (0x0000000085ca7e30) 
thrown [s\open\src\hotspot\share\interpreter\linkResolver.cpp, line 826]
Event: 15.527 Thread 0x000001e459823bf0 Exception <a 'java/lang/reflect/InvocationTargetException'{0x0000000085a77950}> (0x0000000085a77950) 
thrown [s\open\src\hotspot\share\runtime\reflection.cpp, line 1121]
Event: 15.527 Thread 0x000001e459823bf0 Exception <a 'java/lang/reflect/InvocationTargetException'{0x0000000085a78170}> (0x0000000085a78170) 
thrown [s\open\src\hotspot\share\runtime\reflection.cpp, line 1121]
Event: 15.527 Thread 0x000001e459823bf0 Exception <a 'java/lang/reflect/InvocationTargetException'{0x0000000085a78990}> (0x0000000085a78990) 
thrown [s\open\src\hotspot\share\runtime\reflection.cpp, line 1121]
Event: 15.533 Thread 0x000001e459823bf0 Exception <a 'java/lang/reflect/InvocationTargetException'{0x0000000085a960f8}> (0x0000000085a960f8) 
thrown [s\open\src\hotspot\share\runtime\reflection.cpp, line 1121]
Event: 179.797 Thread 0x000001e459824a60 Exception <a 'java/lang/NoSuchMethodError'{0x0000000085772c60}: 'java.lang.Object java.lang.invoke.Invokers$Holder.linkToTargetMethod(java.lang.Object, int, java.lang.Object, java.lang.Object, java.lang.Object, java.lang.Object)'> (0x0000000085772c60) 
thrown [s\open\src\hotspot\share\interpreter\linkResolver.cpp, line 759]
Event: 179.811 Thread 0x000001e459824a60 Exception <a 'java/lang/NoSuchMethodError'{0x00000000857c70b8}: 'java.lang.Object java.lang.invoke.DirectMethodHandle$Holder.invokeStatic(java.lang.Object, int, java.lang.Object)'> (0x00000000857c70b8) 
thrown [s\open\src\hotspot\share\interpreter\linkResolver.cpp, line 759]
Event: 179.811 Thread 0x000001e459824a60 Exception <a 'java/lang/NoSuchMethodError'{0x00000000857cd9e8}: 'void java.lang.invoke.DirectMethodHandle$Holder.invokeSpecial(java.lang.Object, java.lang.Object, java.lang.Object, java.lang.Object, java.lang.Object, java.lang.Object, java.lang.Object, java.lang.Object, java.lang.Object)'> (0x00000000857cd9e8) 
thrown [s\open\src\hotspot\share\interpreter\linkResolver.cpp, line 759]
Event: 1764.716 Thread 0x000001e45bb51ee0 Exception <a 'java/io/IOException'{0x00000000855036a0}> (0x00000000855036a0) 
thrown [s\open\src\hotspot\share\prims\jni.cpp, line 516]
Event: 1764.717 Thread 0x000001e45bb51ee0 Exception <a 'java/io/IOException'{0x00000000855041e0}> (0x00000000855041e0) 
thrown [s\open\src\hotspot\share\prims\jni.cpp, line 516]
Event: 1770.407 Thread 0x000001e45bb570b0 Exception <a 'java/io/IOException'{0x0000000085450bf0}> (0x0000000085450bf0) 
thrown [s\open\src\hotspot\share\prims\jni.cpp, line 516]
Event: 1775.890 Thread 0x000001e45bb570b0 Exception <a 'java/io/IOException'{0x0000000085458488}> (0x0000000085458488) 
thrown [s\open\src\hotspot\share\prims\jni.cpp, line 516]
Event: 1775.890 Thread 0x000001e45bb570b0 Exception <a 'java/io/IOException'{0x0000000085458fc8}> (0x0000000085458fc8) 
thrown [s\open\src\hotspot\share\prims\jni.cpp, line 516]
Event: 2258.708 Thread 0x000001e4598228b0 Exception <a 'java/lang/NoSuchMethodError'{0x00000000858d2978}: 'java.lang.Object java.lang.invoke.DirectMethodHandle$Holder.invokeStatic(java.lang.Object, int, int)'> (0x00000000858d2978) 
thrown [s\open\src\hotspot\share\interpreter\linkResolver.cpp, line 759]
Event: 2258.708 Thread 0x000001e459824a60 Exception <a 'java/lang/NoSuchMethodError'{0x0000000085673b20}: 'java.lang.Object java.lang.invoke.DirectMethodHandle$Holder.invokeStatic(java.lang.Object, int, int)'> (0x0000000085673b20) 
thrown [s\open\src\hotspot\share\interpreter\linkResolver.cpp, line 759]
Event: 2342.593 Thread 0x000001e4598228b0 Implicit null exception at 0x000001e449a2088a to 0x000001e449a20bb8
Event: 2342.595 Thread 0x000001e45bb57f20 Implicit null exception at 0x000001e449a2088a to 0x000001e449a20bb8
Event: 2342.604 Thread 0x000001e459825400 Implicit null exception at 0x000001e449a2088a to 0x000001e449a20bb8
Event: 2342.606 Thread 0x000001e459824590 Implicit null exception at 0x000001e449a2088a to 0x000001e449a20bb8

VM Operations (20 events):
Event: 2336.547 Executing VM operation: G1CollectForAllocation
Event: 2336.553 Executing VM operation: G1CollectForAllocation done
Event: 2337.133 Executing VM operation: HandshakeAllThreads
Event: 2337.133 Executing VM operation: HandshakeAllThreads done
Event: 2338.140 Executing VM operation: Cleanup
Event: 2338.141 Executing VM operation: Cleanup done
Event: 2338.548 Executing VM operation: G1CollectForAllocation
Event: 2338.554 Executing VM operation: G1CollectForAllocation done
Event: 2339.555 Executing VM operation: Cleanup
Event: 2339.555 Executing VM operation: Cleanup done
Event: 2340.561 Executing VM operation: Cleanup
Event: 2340.561 Executing VM operation: Cleanup done
Event: 2340.590 Executing VM operation: G1CollectForAllocation
Event: 2340.595 Executing VM operation: G1CollectForAllocation done
Event: 2341.604 Executing VM operation: Cleanup
Event: 2341.605 Executing VM operation: Cleanup done
Event: 2342.620 Executing VM operation: Cleanup
Event: 2342.620 Executing VM operation: Cleanup done
Event: 2342.626 Executing VM operation: G1CollectForAllocation
Event: 2342.631 Executing VM operation: G1CollectForAllocation done

Events (20 events):
Event: 2328.226 Thread 0x000001e457f7e310 flushing nmethod 0x000001e442b7fa90
Event: 2329.675 Thread 0x000001e4599927f0 Thread exited: 0x000001e4599927f0
Event: 2330.046 Thread 0x000001e45a153890 Thread added: 0x000001e45a153890
Event: 2330.875 loading class sun/util/locale/LocaleExtensions
Event: 2330.902 loading class sun/util/locale/LocaleExtensions done
Event: 2331.591 Thread 0x000001e45a153890 Thread exited: 0x000001e45a153890
Event: 2331.628 Thread 0x000001e45a158990 Thread added: 0x000001e45a158990
Event: 2333.343 Thread 0x000001e45a158990 Thread exited: 0x000001e45a158990
Event: 2333.457 Thread 0x000001e45a1593b0 Thread added: 0x000001e45a1593b0
Event: 2334.776 Thread 0x000001e45a1593b0 Thread exited: 0x000001e45a1593b0
Event: 2335.481 Thread 0x000001e45a158990 Thread added: 0x000001e45a158990
Event: 2337.142 Thread 0x000001e457f7e310 flushing nmethod 0x000001e441ab0a10
Event: 2337.150 Thread 0x000001e457f7e310 flushing nmethod 0x000001e4422fe510
Event: 2337.150 Thread 0x000001e457f7e310 flushing nmethod 0x000001e44230ab10
Event: 2337.151 Thread 0x000001e457f7e310 flushing nmethod 0x000001e442395790
Event: 2337.324 Thread 0x000001e45a158990 Thread exited: 0x000001e45a158990
Event: 2337.801 Thread 0x000001e45a1547c0 Thread added: 0x000001e45a1547c0
Event: 2339.245 Thread 0x000001e45a1547c0 Thread exited: 0x000001e45a1547c0
Event: 2340.642 Thread 0x000001e45a158990 Thread added: 0x000001e45a158990
Event: 2342.457 Thread 0x000001e45a1598c0 Thread added: 0x000001e45a1598c0


Dynamic libraries:
0x00007ff6f7e00000 - 0x00007ff6f7e10000 	C:\Program Files\Java\jdk-17\bin\javaw.exe
0x00007ffc6c8f0000 - 0x00007ffc6cae8000 	C:\WINDOWS\SYSTEM32\ntdll.dll
0x00007ffc6c6d0000 - 0x00007ffc6c78f000 	C:\WINDOWS\System32\KERNEL32.DLL
0x00007ffc6a1b0000 - 0x00007ffc6a4a6000 	C:\WINDOWS\System32\KERNELBASE.dll
0x00007ffc6a6b0000 - 0x00007ffc6a7b0000 	C:\WINDOWS\System32\ucrtbase.dll
0x00007ffc5b7f0000 - 0x00007ffc5b809000 	C:\Program Files\Java\jdk-17\bin\jli.dll
0x00007ffc55bf0000 - 0x00007ffc55c0b000 	C:\Program Files\Java\jdk-17\bin\VCRUNTIME140.dll
0x00007ffc6b340000 - 0x00007ffc6b3ef000 	C:\WINDOWS\System32\ADVAPI32.dll
0x00007ffc6c0b0000 - 0x00007ffc6c14e000 	C:\WINDOWS\System32\msvcrt.dll
0x00007ffc6b220000 - 0x00007ffc6b2bc000 	C:\WINDOWS\System32\sechost.dll
0x00007ffc6c470000 - 0x00007ffc6c596000 	C:\WINDOWS\System32\RPCRT4.dll
0x00007ffc6b520000 - 0x00007ffc6b6bd000 	C:\WINDOWS\System32\USER32.dll
0x00007ffc69fd0000 - 0x00007ffc69ff2000 	C:\WINDOWS\System32\win32u.dll
0x00007ffc54540000 - 0x00007ffc547da000 	C:\WINDOWS\WinSxS\amd64_microsoft.windows.common-controls_6595b64144ccf1df_6.0.19041.1110_none_60b5254171f9507e\COMCTL32.dll
0x00007ffc6b1f0000 - 0x00007ffc6b21c000 	C:\WINDOWS\System32\GDI32.dll
0x00007ffc6a7b0000 - 0x00007ffc6a8c5000 	C:\WINDOWS\System32\gdi32full.dll
0x00007ffc6a610000 - 0x00007ffc6a6ad000 	C:\WINDOWS\System32\msvcp_win.dll
0x00007ffc61c00000 - 0x00007ffc61c0a000 	C:\WINDOWS\SYSTEM32\VERSION.dll
0x00007ffc6c290000 - 0x00007ffc6c2c0000 	C:\WINDOWS\System32\IMM32.DLL
0x00007ffc63be0000 - 0x00007ffc63bec000 	C:\Program Files\Java\jdk-17\bin\vcruntime140_1.dll
0x00007ffc304a0000 - 0x00007ffc3052e000 	C:\Program Files\Java\jdk-17\bin\msvcp140.dll
0x00007ffc01670000 - 0x00007ffc0224d000 	C:\Program Files\Java\jdk-17\bin\server\jvm.dll
0x00007ffc6bfe0000 - 0x00007ffc6bfe8000 	C:\WINDOWS\System32\PSAPI.DLL
0x00007ffc59d80000 - 0x00007ffc59d89000 	C:\WINDOWS\SYSTEM32\WSOCK32.dll
0x00007ffc547f0000 - 0x00007ffc54817000 	C:\WINDOWS\SYSTEM32\WINMM.dll
0x00007ffc6b6d0000 - 0x00007ffc6b73b000 	C:\WINDOWS\System32\WS2_32.dll
0x00007ffc68ab0000 - 0x00007ffc68ac2000 	C:\WINDOWS\SYSTEM32\kernel.appcore.dll
0x00007ffc63ba0000 - 0x00007ffc63baa000 	C:\Program Files\Java\jdk-17\bin\jimage.dll
0x00007ffc64cf0000 - 0x00007ffc64ed4000 	C:\WINDOWS\SYSTEM32\DBGHELP.DLL
0x00007ffc60940000 - 0x00007ffc60974000 	C:\WINDOWS\SYSTEM32\dbgcore.DLL
0x00007ffc6a120000 - 0x00007ffc6a1a2000 	C:\WINDOWS\System32\bcryptPrimitives.dll
0x00007ffc55bc0000 - 0x00007ffc55be5000 	C:\Program Files\Java\jdk-17\bin\java.dll
0x00007ffc25220000 - 0x00007ffc252f7000 	C:\Program Files\Java\jdk-17\bin\jsvml.dll
0x00007ffc6a950000 - 0x00007ffc6b094000 	C:\WINDOWS\System32\SHELL32.dll
0x00007ffc64ee0000 - 0x00007ffc65673000 	C:\WINDOWS\SYSTEM32\windows.storage.dll
0x00007ffc6b810000 - 0x00007ffc6bb64000 	C:\WINDOWS\System32\combase.dll
0x00007ffc69960000 - 0x00007ffc6998e000 	C:\WINDOWS\SYSTEM32\Wldp.dll
0x00007ffc6b3f0000 - 0x00007ffc6b49d000 	C:\WINDOWS\System32\SHCORE.dll
0x00007ffc6bff0000 - 0x00007ffc6c045000 	C:\WINDOWS\System32\shlwapi.dll
0x00007ffc69f10000 - 0x00007ffc69f2f000 	C:\WINDOWS\SYSTEM32\profapi.dll
0x00007ffc55210000 - 0x00007ffc55229000 	C:\Program Files\Java\jdk-17\bin\net.dll
0x00007ffc5f1b0000 - 0x00007ffc5f2ba000 	C:\WINDOWS\SYSTEM32\WINHTTP.dll
0x00007ffc69730000 - 0x00007ffc6979a000 	C:\WINDOWS\system32\mswsock.dll
0x00007ffc54940000 - 0x00007ffc54956000 	C:\Program Files\Java\jdk-17\bin\nio.dll
0x00007ffc544b0000 - 0x00007ffc544c8000 	C:\Program Files\Java\jdk-17\bin\zip.dll
0x00007ffc69990000 - 0x00007ffc699a8000 	C:\WINDOWS\SYSTEM32\CRYPTSP.dll
0x00007ffc68f90000 - 0x00007ffc68fc4000 	C:\WINDOWS\system32\rsaenh.dll
0x00007ffc6a920000 - 0x00007ffc6a947000 	C:\WINDOWS\System32\bcrypt.dll
0x00007ffc69ed0000 - 0x00007ffc69efe000 	C:\WINDOWS\SYSTEM32\USERENV.dll
0x00007ffc698c0000 - 0x00007ffc698cc000 	C:\WINDOWS\SYSTEM32\CRYPTBASE.dll
0x00007ffc693d0000 - 0x00007ffc6940c000 	C:\WINDOWS\SYSTEM32\IPHLPAPI.DLL
0x00007ffc6b1e0000 - 0x00007ffc6b1e8000 	C:\WINDOWS\System32\NSI.dll
0x00007ffc5f950000 - 0x00007ffc5f967000 	C:\WINDOWS\SYSTEM32\dhcpcsvc6.DLL
0x00007ffc5f930000 - 0x00007ffc5f94d000 	C:\WINDOWS\SYSTEM32\dhcpcsvc.DLL
0x00007ffc69430000 - 0x00007ffc694fb000 	C:\WINDOWS\SYSTEM32\DNSAPI.dll
0x00007ffc63b60000 - 0x00007ffc63b6d000 	C:\Program Files\Java\jdk-17\bin\sunmscapi.dll
0x00007ffc6a4b0000 - 0x00007ffc6a60e000 	C:\WINDOWS\System32\CRYPT32.dll
0x00007ffc69aa0000 - 0x00007ffc69ac8000 	C:\WINDOWS\SYSTEM32\ncrypt.dll
0x00007ffc69a60000 - 0x00007ffc69a9b000 	C:\WINDOWS\SYSTEM32\NTASN1.dll
0x00007ffc63b00000 - 0x00007ffc63b0a000 	C:\Program Files\Java\jdk-17\bin\management.dll
0x00007ffc63ae0000 - 0x00007ffc63aeb000 	C:\Program Files\Java\jdk-17\bin\management_ext.dll
0x00007ffc63930000 - 0x00007ffc63940000 	C:\Program Files\Java\jdk-17\bin\verify.dll
0x00007ffc5d780000 - 0x00007ffc5d78a000 	C:\Windows\System32\rasadhlp.dll
0x00007ffc5d670000 - 0x00007ffc5d6f2000 	C:\WINDOWS\System32\fwpuclnt.dll
0x00007ffc61660000 - 0x00007ffc61667000 	C:\WINDOWS\system32\wshunix.dll

dbghelp: loaded successfully - version: 4.0.5 - missing functions: none
symbol engine: initialized successfully - sym options: 0x614 - pdb path: .;C:\Program Files\Java\jdk-17\bin;C:\WINDOWS\SYSTEM32;C:\WINDOWS\WinSxS\amd64_microsoft.windows.common-controls_6595b64144ccf1df_6.0.19041.1110_none_60b5254171f9507e;C:\Program Files\Java\jdk-17\bin\server

VM Arguments:
jvm_args: -Dfile.encoding=UTF-8 -XX:+ShowCodeDetailsInExceptionMessages 
java_command: com.socialmediaapp.socialmediaapp.SocialmediaappApplication
java_class_path (initial): C:\Users\james\Desktop\Eclipse_workspace\FullStack-SocialMediaApp\socialmediaapp\target\classes;C:\Users\james\.m2\repository\org\springframework\boot\spring-boot-starter\3.1.0\spring-boot-starter-3.1.0.jar;C:\Users\james\.m2\repository\org\springframework\boot\spring-boot\3.1.0\spring-boot-3.1.0.jar;C:\Users\james\.m2\repository\org\springframework\spring-context\6.0.9\spring-context-6.0.9.jar;C:\Users\james\.m2\repository\org\springframework\boot\spring-boot-autoconfigure\3.1.0\spring-boot-autoconfigure-3.1.0.jar;C:\Users\james\.m2\repository\org\springframework\boot\spring-boot-starter-logging\3.1.0\spring-boot-starter-logging-3.1.0.jar;C:\Users\james\.m2\repository\ch\qos\logback\logback-classic\1.4.7\logback-classic-1.4.7.jar;C:\Users\james\.m2\repository\ch\qos\logback\logback-core\1.4.7\logback-core-1.4.7.jar;C:\Users\james\.m2\repository\org\apache\logging\log4j\log4j-to-slf4j\2.20.0\log4j-to-slf4j-2.20.0.jar;C:\Users\james\.m2\repository\org\apache\logging\log4j\log4j-api\2.20.0\log4j-api-2.20.0.jar;C:\Users\james\.m2\repository\org\slf4j\jul-to-slf4j\2.0.7\jul-to-slf4j-2.0.7.jar;C:\Users\james\.m2\repository\jakarta\annotation\jakarta.annotation-api\2.1.1\jakarta.annotation-api-2.1.1.jar;C:\Users\james\.m2\repository\org\springframework\spring-core\6.0.9\spring-core-6.0.9.jar;C:\Users\james\.m2\repository\org\springframework\spring-jcl\6.0.9\spring-jcl-6.0.9.jar;C:\Users\james\.m2\repository\org\yaml\snakeyaml\1.33\snakeyaml-1.33.jar;C:\Users\james\.m2\repository\org\slf4j\slf4j-api\2.0.7\slf4j-api-2.0.7.jar;C:\Users\james\.m2\repository\jakarta\xml\bind\jakarta.xml.bind-api\4.0.0\jakarta.xml.bind-api-4.0.0.jar;C:\Users\james\.m2\repository\jakarta\activation\jakarta.activation-api\2.1.2\jakarta.activation-api-2.1.2.jar;C:\Users\james\.m2\repository\net\bytebuddy\byte-buddy\1.14.4\byte-buddy-1.14.4.jar;C:\Users\james\.m2\repository\org\springframework\boot\spring-boot-starter-data-jpa\3.1.0\spring-boot-starter-data-jpa-3.1.0.ja
Launcher Type: SUN_STANDARD

[Global flags]
     intx CICompilerCount                          = 4                                         {product} {ergonomic}
     uint ConcGCThreads                            = 2                                         {product} {ergonomic}
     uint G1ConcRefinementThreads                  = 8                                         {product} {ergonomic}
   size_t G1HeapRegionSize                         = 1048576                                   {product} {ergonomic}
    uintx GCDrainStackTargetSize                   = 64                                        {product} {ergonomic}
   size_t InitialHeapSize                          = 134217728                                 {product} {ergonomic}
   size_t MarkStackSize                            = 4194304                                   {product} {ergonomic}
   size_t MaxHeapSize                              = 2118123520                                {product} {ergonomic}
   size_t MaxNewSize                               = 1270874112                                {product} {ergonomic}
   size_t MinHeapDeltaBytes                        = 1048576                                   {product} {ergonomic}
   size_t MinHeapSize                              = 8388608                                   {product} {ergonomic}
    uintx NonNMethodCodeHeapSize                   = 5839372                                {pd product} {ergonomic}
    uintx NonProfiledCodeHeapSize                  = 122909434                              {pd product} {ergonomic}
    uintx ProfiledCodeHeapSize                     = 122909434                              {pd product} {ergonomic}
    uintx ReservedCodeCacheSize                    = 251658240                              {pd product} {ergonomic}
     bool SegmentedCodeCache                       = true                                      {product} {ergonomic}
     bool ShowCodeDetailsInExceptionMessages       = true                                   {manageable} {command line}
   size_t SoftMaxHeapSize                          = 2118123520                             {manageable} {ergonomic}
     bool UseCompressedClassPointers               = true                           {product lp64_product} {ergonomic}
     bool UseCompressedOops                        = true                           {product lp64_product} {ergonomic}
     bool UseG1GC                                  = true                                      {product} {ergonomic}
     bool UseLargePagesIndividualAllocation        = false                                  {pd product} {ergonomic}

Logging:
Log output configuration:
 #0: stdout all=warning uptime,level,tags
 #1: stderr all=off uptime,level,tags

Environment Variables:
JAVA_HOME=C:\Program Files\Java\jdk-11.0.13
PATH=C:/Program Files/Java/jdk-11.0.13/bin/server;C:/Program Files/Java/jdk-11.0.13/bin;C:\Program Files\Common Files\Oracle\Java\javapath;C:\Program Files (x86)\Intel\Intel(R) Management Engine Components\iCLS\;C:\Program Files\Intel\Intel(R) Management Engine Components\iCLS\;C:\Program Files (x86)\Common Files\Intel\OpenCL\windows\compiler\lib\intel64_win;C:\Program Files (x86)\Common Files\Intel\OpenCL\windows\compiler\lib\ia32_win;C:\windows\system32;C:\windows;C:\windows\System32\Wbem;C:\windows\System32\WindowsPowerShell\v1.0\;C:\windows\System32\OpenSSH\;C:\xampp\php;C:\bin;C:\Program Files (x86)\AMD APP SDK\3.0\bin\x86;C:\WINDOWS\system32;C:\WINDOWS;C:\WINDOWS\System32\Wbem;C:\WINDOWS\System32\WindowsPowerShell\v1.0\;C:\WINDOWS\System32\OpenSSH\;C:\Program Files (x86)\Intel\Intel(R) Management Engine Components\DAL;C:\Program Files\Intel\Intel(R) Management Engine Components\DAL;C:\Program Files\Git\cmd;C:\Program Files\Docker\Docker\resources\bin;C:\ProgramData\DockerDesktop\version-bin;C:\Program Files\dotnet\;C:\Program Files\Microsoft VS Code\bin;C:\Program Files\nodejs\;C:\Program Files\MySQL\MySQL Shell 8.0\bin\;C:\Users\james\AppData\Local\Microsoft\WindowsApps;C:\Users\james\AppData\Roaming\npm;C:\WINDOWS\system32;
USERNAME=james
OS=Windows_NT
PROCESSOR_IDENTIFIER=Intel64 Family 6 Model 142 Stepping 10, GenuineIntel



---------------  S Y S T E M  ---------------

OS:
 Windows 10 , 64 bit Build 19041 (10.0.19041.2913)
OS uptime: 24 days 18:54 hours
Hyper-V role detected

CPU: total 8 (initial active 8) (4 cores per cpu, 2 threads per core) family 6 model 142 stepping 10 microcode 0xe0, cx8, cmov, fxsr, ht, mmx, 3dnowpref, sse, sse2, sse3, ssse3, sse4.1, sse4.2, popcnt, lzcnt, tsc, tscinvbit, avx, avx2, aes, erms, clmul, bmi1, bmi2, adx, fma, vzeroupper, clflush, clflushopt, hv

Memory: 4k page, system-wide physical 8072M (709M free)
TotalPageFile size 32648M (AvailPageFile size 0M)
current process WorkingSet (physical memory assigned to process): 241M, peak: 291M
current process commit charge ("private bytes"): 335M, peak: 349M

vm_info: Java HotSpot(TM) 64-Bit Server VM (17.0.7+8-LTS-224) for windows-amd64 JRE (17.0.7+8-LTS-224), built on Feb 28 2023 23:03:02 by "mach5one" with MS VC++ 17.1 (VS2022)

END.
